Url: /favs/artist/invalid,
Query: {},
,
Status code: 400,
, Body: {}Method: POST,

Url: /favs/album/invalid,
Query: {},
,
Status code: 400,
, Body: {}Method: POST,

Url: /favs/track/invalid,
Query: {},
,
Status code: 400,
, Body: {}Method: POST,

Url: /favs/artist/0a35dd62-e09f-444b-a628-f4e7c6954f57,
Query: {},
,
Status code: 422,
, Body: {}Method: POST,

Url: /favs/album/0a35dd62-e09f-444b-a628-f4e7c6954f57,
Query: {},
,
Status code: 422,
, Body: {}Method: POST,

Url: /favs/track/0a35dd62-e09f-444b-a628-f4e7c6954f57,
Query: {},
,
Status code: 422,
, Body: {}Method: POST,

Url: /favs/album/42a69568-d53c-4ced-a509-bcded859503a,
Query: {},
,
Status code: 204,
, Body: {}Method: DELETE,

Url: /favs/artist/964affd8-b53d-487b-806f-ca89c981c09c,
Query: {},
,
Status code: 204,
, Body: {}Method: DELETE,

Url: /favs/track/f2a8bbbb-1ad4-40b2-9ba1-a0e0c3dbab8b,
Query: {},
,
Status code: 204,
, Body: {}Method: DELETE,

Url: /album/some-invalid-id,
Query: {},
,
Status code: 400,
, Body: {}Method: DELETE,

Url: /album/0a35dd62-e09f-444b-a628-f4e7c6954f57,
Query: {},
,
Status code: 404,
, Body: {}Method: DELETE,

Url: /artist/0a35dd62-e09f-444b-a628-f4e7c6954f57,
Query: {},
,
Status code: 404,
, Body: {}Method: DELETE,

Url: /track/0a35dd62-e09f-444b-a628-f4e7c6954f57,
Query: {},
,
Status code: 404,
, Body: {}Method: DELETE,

Url: /user/some-invalid-id,
Query: {},
,
Status code: 400,
, Body: {}Method: GET,

Url: /user/0a35dd62-e09f-444b-a628-f4e7c6954f57,
Query: {},
,
Status code: 404,
, Body: {}Method: GET,

Url: /user,
Query: {},
,
Status code: 400,
, Body: {}Method: POST,

Url: /user,
Query: {},
,
Status code: 400,
, Body: {"login":null,"password":12345}Method: POST,

Url: /user,
Query: {},
,
Status code: 400,
, Body: {"password":"TEST_PASSWORD"}Method: POST,

Url: /user,
Query: {},
,
Status code: 400,
, Body: {"login":"TEST_LOGIN"}Method: POST,

Url: /user/0331efed-caa0-462d-8fc7-377ee91be017,
Query: {},
,
Status code: 403,
, Body: {"oldPassword":"TEST_PASSWORD","newPassword":"NEW_PASSWORD"}Method: PUT,

Url: /user/some-invalid-id,
Query: {},
,
Status code: 400,
, Body: {"oldPassword":"test","newPassword":"fake"}Method: PUT,

Url: /user/0a35dd62-e09f-444b-a628-f4e7c6954f57,
Query: {},
,
Status code: 400,
, Body: {}Method: PUT,

Url: /user/0a35dd62-e09f-444b-a628-f4e7c6954f57,
Query: {},
,
Status code: 404,
, Body: {"oldPassword":"test","newPassword":"fake"}Method: PUT,

Url: /user/5a6d5bb2-d12d-4566-aaef-531b1edececc,
Query: {},
,
Status code: 404,
, Body: {}Method: GET,

Url: /user/some-invalid-id,
Query: {},
,
Status code: 400,
, Body: {}Method: DELETE,

Url: /user/0a35dd62-e09f-444b-a628-f4e7c6954f57,
Query: {},
,
Status code: 404,
, Body: {}Method: DELETE,

Url: /track,
Query: {},
,
Status code: 401,
, Body: {}Method: GET,

Url: /track/0a35dd62-e09f-444b-a628-f4e7c6954f57,
Query: {},
,
Status code: 401,
, Body: {}Method: GET,

Url: /track,
Query: {},
,
Status code: 401,
, Body: {"name":"TEST_TRACK","duration":199,"artistId":null,"albumId":null}Method: POST,

Url: /track/0a35dd62-e09f-444b-a628-f4e7c6954f57,
Query: {},
,
Status code: 401,
, Body: {"name":"TEST_TRACK","duration":188,"artistId":null,"albumId":null}Method: PUT,

Url: /track/0a35dd62-e09f-444b-a628-f4e7c6954f57,
Query: {},
,
Status code: 401,
, Body: {}Method: DELETE,

Url: /track/some-invalid-id,
Query: {},
,
Status code: 400,
, Body: {}Method: GET,

Url: /track/0a35dd62-e09f-444b-a628-f4e7c6954f57,
Query: {},
,
Status code: 404,
, Body: {}Method: GET,

Url: /track,
Query: {},
,
Status code: 400,
, Body: {}Method: POST,

Url: /track,
Query: {},
,
Status code: 400,
, Body: {"name":"TEST_TRACK"}Method: POST,

Url: /track,
Query: {},
,
Status code: 400,
, Body: {"duration":99}Method: POST,

Url: /track,
Query: {},
,
Status code: 400,
, Body: {"name":null,"duration":"99"}Method: POST,

Url: /track/some-invalid-id,
Query: {},
,
Status code: 400,
, Body: {"name":"TEST_TRACK","duration":188,"artistId":null,"albumId":null}Method: PUT,

Url: /track/e776e725-76f2-449e-94dd-4fd0898a5fa1,
Query: {},
,
Status code: 400,
, Body: {"name":null,"duration":"188","artistId":123,"albumId":123}Method: PUT,

Url: /track/0a35dd62-e09f-444b-a628-f4e7c6954f57,
Query: {},
,
Status code: 404,
, Body: {"name":"TEST_TRACK","duration":188,"artistId":null,"albumId":null}Method: PUT,

Url: /track/483cf3d6-08c4-4f98-a116-3fc6bb1b59d9,
Query: {},
,
Status code: 404,
, Body: {}Method: GET,

Url: /track/some-invalid-id,
Query: {},
,
Status code: 400,
, Body: {}Method: DELETE,

Url: /track/0a35dd62-e09f-444b-a628-f4e7c6954f57,
Query: {},
,
Status code: 404,
, Body: {}Method: DELETE,

Url: /favs,
Query: {},
,
Status code: 401,
, Body: {}Method: GET,

Url: /favs/album/0a35dd62-e09f-444b-a628-f4e7c6954f57,
Query: {},
,
Status code: 401,
, Body: {}Method: POST,

Url: /favs/artist/0a35dd62-e09f-444b-a628-f4e7c6954f57,
Query: {},
,
Status code: 401,
, Body: {}Method: POST,

Url: /favs/track/0a35dd62-e09f-444b-a628-f4e7c6954f57,
Query: {},
,
Status code: 401,
, Body: {}Method: POST,

Url: /favs/album/0a35dd62-e09f-444b-a628-f4e7c6954f57,
Query: {},
,
Status code: 401,
, Body: {}Method: DELETE,

Url: /favs/artist/0a35dd62-e09f-444b-a628-f4e7c6954f57,
Query: {},
,
Status code: 401,
, Body: {}Method: DELETE,

Url: /favs/track/0a35dd62-e09f-444b-a628-f4e7c6954f57,
Query: {},
,
Status code: 401,
, Body: {}Method: DELETE,

Url: /user,
Query: {},
,
Status code: 401,
, Body: {}Method: GET,

Url: /user/0a35dd62-e09f-444b-a628-f4e7c6954f57,
Query: {},
,
Status code: 401,
, Body: {}Method: GET,

Url: /user,
Query: {},
,
Status code: 401,
, Body: {"login":"TEST_LOGIN","password":"TEST_PASSWORD"}Method: POST,

Url: /user/0a35dd62-e09f-444b-a628-f4e7c6954f57,
Query: {},
,
Status code: 401,
, Body: {"oldPassword":"TEST_PASSWORD","newPassword":"NEW_PASSWORD"}Method: PUT,

Url: /user/0a35dd62-e09f-444b-a628-f4e7c6954f57,
Query: {},
,
Status code: 401,
, Body: {}Method: DELETE,

Url: /artist,
Query: {},
,
Status code: 401,
, Body: {}Method: GET,

Url: /artist/0a35dd62-e09f-444b-a628-f4e7c6954f57,
Query: {},
,
Status code: 401,
, Body: {}Method: GET,

Url: /artist,
Query: {},
,
Status code: 401,
, Body: {"name":"TEST_artist","grammy":true}Method: POST,

Url: /artist/0a35dd62-e09f-444b-a628-f4e7c6954f57,
Query: {},
,
Status code: 401,
, Body: {"name":"TEST_artist","grammy":false}Method: PUT,

Url: /artist/0a35dd62-e09f-444b-a628-f4e7c6954f57,
Query: {},
,
Status code: 401,
, Body: {}Method: DELETE,

Url: /album,
Query: {},
,
Status code: 401,
, Body: {}Method: GET,

Url: /album/0a35dd62-e09f-444b-a628-f4e7c6954f57,
Query: {},
,
Status code: 401,
, Body: {}Method: GET,

Url: /album,
Query: {},
,
Status code: 401,
, Body: {"name":"TEST_ALBUM","year":2022,"artistId":null}Method: POST,

Url: /album/0a35dd62-e09f-444b-a628-f4e7c6954f57,
Query: {},
,
Status code: 401,
, Body: {"name":"TEST_ALBUM","year":2021,"artistId":"0a35dd62-e09f-444b-a628-f4e7c6954f57"}Method: PUT,

Url: /album/0a35dd62-e09f-444b-a628-f4e7c6954f57,
Query: {},
,
Status code: 401,
, Body: {}Method: DELETE,

Url: /artist/some-invalid-id,
Query: {},
,
Status code: 400,
, Body: {}Method: GET,

Url: /artist/0a35dd62-e09f-444b-a628-f4e7c6954f57,
Query: {},
,
Status code: 404,
, Body: {}Method: GET,

Url: /artist,
Query: {},
,
Status code: 400,
, Body: {}Method: POST,

Url: /artist,
Query: {},
,
Status code: 400,
, Body: {"name":"TEST_artist"}Method: POST,

Url: /artist,
Query: {},
,
Status code: 400,
, Body: {"name":null,"grammy":"true"}Method: POST,

Url: /artist,
Query: {},
,
Status code: 400,
, Body: {"grammy":true}Method: POST,

Url: /artist/some-invalid-id,
Query: {},
,
Status code: 400,
, Body: {"name":"TEST_artist","grammy":false}Method: PUT,

Url: /artist/1262201b-0377-4c4a-b408-4fd107b225ab,
Query: {},
,
Status code: 400,
, Body: {"name":12345,"grammy":"false"}Method: PUT,

Url: /artist/0a35dd62-e09f-444b-a628-f4e7c6954f57,
Query: {},
,
Status code: 404,
, Body: {"name":"TEST_artist","grammy":false}Method: PUT,

Url: /artist/aff9437e-a8fb-4f0b-847e-d9651fb013d9,
Query: {},
,
Status code: 404,
, Body: {}Method: GET,

Url: /artist/some-invalid-id,
Query: {},
,
Status code: 400,
, Body: {}Method: DELETE,

Url: /artist/0a35dd62-e09f-444b-a628-f4e7c6954f57,
Query: {},
,
Status code: 404,
, Body: {}Method: DELETE,

Url: /album/some-invalid-id,
Query: {},
,
Status code: 400,
, Body: {}Method: GET,

Url: /album/0a35dd62-e09f-444b-a628-f4e7c6954f57,
Query: {},
,
Status code: 404,
, Body: {}Method: GET,

Url: /album,
Query: {},
,
Status code: 400,
, Body: {}Method: POST,

Url: /album,
Query: {},
,
Status code: 400,
, Body: {"name":"TEST_ALBUM"}Method: POST,

Url: /album,
Query: {},
,
Status code: 400,
, Body: {"year":2022}Method: POST,

Url: /album,
Query: {},
,
Status code: 400,
, Body: {"name":null,"year":"2022"}Method: POST,

Url: /album/some-invalid-id,
Query: {},
,
Status code: 400,
, Body: {"name":"TEST_ALBUM","year":2021,"artistId":null}Method: PUT,

Url: /album/a12c8f22-0662-4b0a-b815-30d9aaf90ac0,
Query: {},
,
Status code: 400,
, Body: {"name":true,"year":"2021","artistId":123}Method: PUT,

Url: /album/0a35dd62-e09f-444b-a628-f4e7c6954f57,
Query: {},
,
Status code: 404,
, Body: {"name":"TEST_ALBUM","year":2021,"artistId":null}Method: PUT,

Url: /album/7bc877e9-63b0-4cb1-9110-94a96cb1a08d,
Query: {},
,
Status code: 404,
, Body: {}Method: GET,

Url: /album/some-invalid-id,
Query: {},
,
Status code: 400,
, Body: {}Method: DELETE,

Url: /album/0a35dd62-e09f-444b-a628-f4e7c6954f57,
Query: {},
,
Status code: 404,
, Body: {}Method: DELETE,

